2021-05-04T05:01:03.727Z INFO @wdio/local-runner: Run worker command: run
2021-05-04T05:01:04.031Z DEBUG @wdio/config:utils: Found 'ts-node' package, auto-compiling TypeScript files
2021-05-04T05:01:04.156Z DEBUG @wdio/local-runner:utils: init remote session
2021-05-04T05:01:04.952Z DEBUG @wdio/local-runner:utils: init remote session
2021-05-04T05:01:04.959Z INFO devtools:puppeteer: Initiate new session using the DevTools protocol
2021-05-04T05:01:04.960Z INFO devtools: Launch Google Chrome with flags: --enable-automation --disable-popup-blocking --disable-extensions --disable-background-networking --disable-background-timer-throttling --disable-backgrounding-occluded-windows --disable-sync --metrics-recording-only --disable-default-apps --mute-audio --no-first-run --no-default-browser-check --disable-hang-monitor --disable-prompt-on-repost --disable-client-side-phishing-detection --password-store=basic --use-mock-keychain --disable-component-extensions-with-background-pages --disable-breakpad --disable-dev-shm-usage --disable-ipc-flooding-protection --disable-renderer-backgrounding --force-fieldtrials=*BackgroundTracing/default/ --enable-features=NetworkService,NetworkServiceInProcess --disable-features=site-per-process,TranslateUI,BlinkGenPropertyTrees --window-position=0,0 --window-size=1200,900
2021-05-04T05:01:06.018Z INFO devtools: Connect Puppeteer with browser on port 52637
2021-05-04T05:01:08.632Z INFO devtools: COMMAND navigateTo("http://google.com/")
2021-05-04T05:01:09.974Z INFO devtools: RESULT null
2021-05-04T05:01:09.982Z INFO devtools: COMMAND findElements("xpath", "//input[@name='q']")
2021-05-04T05:01:09.990Z INFO devtools: RESULT [ { 'element-6066-11e4-a52e-4f735466cecf': 'ELEMENT-1' } ]
2021-05-04T05:01:10.001Z INFO devtools: COMMAND findElement("xpath", "//input[@name='q']")
2021-05-04T05:01:10.007Z INFO devtools: RESULT { 'element-6066-11e4-a52e-4f735466cecf': 'ELEMENT-2' }
2021-05-04T05:01:10.012Z INFO devtools: COMMAND elementClear("ELEMENT-2")
2021-05-04T05:01:10.016Z INFO devtools: RESULT null
2021-05-04T05:01:10.023Z INFO devtools: COMMAND elementSendKeys("ELEMENT-2", "WebdriverIO")
2021-05-04T05:01:10.151Z INFO devtools: RESULT null
2021-05-04T05:01:10.159Z INFO devtools: COMMAND performActions(<object>)
2021-05-04T05:01:12.140Z INFO devtools: COMMAND releaseActions()
2021-05-04T05:01:12.145Z INFO devtools: COMMAND getTitle()
2021-05-04T05:01:12.147Z INFO devtools: RESULT WebdriverIO - Google'da Ara
2021-05-04T05:01:12.154Z INFO devtools: COMMAND deleteSession()
2021-05-04T05:01:12.159Z INFO devtools: RESULT null
